SF:lib/core/data/storage/key_value_storage/local_key_value_storage.dart
DA:5,1
DA:10,1
DA:12,1
DA:13,2
DA:14,1
DA:15,2
DA:16,1
DA:17,2
DA:18,1
DA:19,2
DA:20,1
DA:21,2
DA:23,3
DA:27,1
DA:29,2
DA:30,1
DA:36,1
DA:38,2
DA:41,1
DA:43,2
LF:20
LH:20
end_of_record
SF:lib/core/data/storage/key_value_storage/secure_storage.dart
DA:5,1
DA:10,1
DA:12,1
DA:13,2
DA:16,1
DA:20,1
DA:23,2
DA:26,1
DA:27,1
DA:33,1
DA:35,2
DA:39,1
DA:41,2
LF:13
LH:13
end_of_record
SF:lib/core/data/storage/storage_aggregator.dart
DA:4,0
DA:12,0
DA:13,0
LF:3
LH:0
end_of_record
SF:lib/app/app_config.dart
DA:12,0
DA:20,0
LF:2
LH:0
end_of_record
SF:lib/app/app_context_ext.dart
DA:8,0
DA:10,0
DA:12,0
DA:13,0
DA:15,0
LF:5
LH:0
end_of_record
SF:lib/app/app_env_type.dart
DA:15,0
DA:16,0
LF:2
LH:0
end_of_record
SF:lib/app/app_providers_wrapper.dart
DA:16,0
DA:25,0
DA:27,0
DA:28,0
DA:29,0
DA:30,0
DA:31,0
DA:32,0
DA:33,0
DA:36,0
DA:37,0
DA:38,0
DA:39,0
DA:40,0
DA:43,0
DA:44,0
DA:45,0
DA:46,0
DA:56,0
DA:63,0
DA:67,0
DA:69,0
DA:70,0
DA:71,0
DA:73,0
DA:75,0
DA:77,0
DA:78,0
DA:81,0
DA:87,0
DA:91,0
DA:93,0
DA:95,0
DA:96,0
DA:97,0
DA:98,0
DA:99,0
DA:100,0
DA:104,0
DA:105,0
DA:106,0
DA:107,0
DA:108,0
DA:112,0
LF:44
LH:0
end_of_record
SF:lib/app/exceptions.dart
DA:4,2
DA:14,1
DA:15,2
DA:19,1
LF:4
LH:4
end_of_record
SF:lib/app/template_app.dart
DA:17,0
DA:21,0
DA:22,0
DA:28,0
DA:30,0
DA:31,0
DA:34,0
DA:36,0
DA:37,0
DA:38,0
DA:39,0
DA:40,0
DA:41,0
DA:42,0
DA:44,0
DA:45,0
DA:46,0
DA:47,0
DA:48,0
DA:49,0
DA:53,0
DA:55,0
DA:58,0
DA:61,0
DA:63,0
DA:64,0
DA:65,0
DA:67,0
DA:68,0
DA:69,0
DA:72,0
DA:81,0
DA:82,0
DA:83,0
DA:89,0
DA:93,0
DA:95,0
DA:100,0
DA:102,0
DA:103,0
DA:108,0
DA:112,0
DA:114,0
DA:115,0
DA:118,0
DA:123,0
DA:133,0
DA:134,0
DA:137,0
LF:49
LH:0
end_of_record
SF:lib/features/error/error_screen.dart
DA:7,0
DA:27,0
DA:30,0
DA:41,0
DA:42,0
DA:47,0
DA:48,0
DA:58,0
DA:60,0
DA:63,0
DA:64,0
DA:65,0
DA:67,0
DA:68,0
DA:71,0
DA:79,0
DA:80,0
DA:81,0
DA:82,0
DA:88,0
DA:89,0
DA:92,0
DA:104,0
DA:105,0
DA:108,0
DA:109,0
DA:110,0
DA:111,0
DA:120,0
DA:122,0
DA:125,0
DA:126,0
DA:145,4
DA:150,0
DA:159,0
DA:161,0
DA:163,0
DA:164,0
DA:173,0
DA:175,0
DA:176,0
DA:186,0
DA:187,0
DA:189,0
DA:190,0
DA:191,0
DA:200,0
DA:201,0
DA:221,0
DA:233,0
DA:234,0
DA:242,0
DA:244,0
DA:245,0
DA:246,0
DA:249,0
DA:253,0
DA:255,0
DA:256,0
DA:259,0
DA:260,0
DA:261,0
DA:262,0
DA:263,0
DA:265,0
DA:270,0
DA:272,0
DA:273,0
DA:275,0
DA:276,0
DA:285,0
DA:286,0
DA:287,0
DA:288,0
DA:290,0
DA:292,0
DA:293,0
DA:294,0
DA:295,0
DA:298,0
DA:299,0
DA:300,0
DA:308,0
DA:309,0
DA:310,0
DA:311,0
DA:325,0
DA:326,0
DA:330,0
DA:331,0
DA:334,0
DA:336,0
DA:338,0
LF:93
LH:1
end_of_record
SF:lib/features/splash/splash_screen.dart
DA:5,4
DA:7,0
DA:9,0
LF:3
LH:1
end_of_record
SF:lib/core/data/api/api_config.dart
DA:2,0
DA:9,0
LF:2
LH:0
end_of_record
SF:lib/core/data/clients/http_client/dio_http_client.dart
DA:7,0
DA:14,0
DA:19,0
DA:20,0
DA:23,0
DA:30,0
DA:39,0
DA:46,0
DA:55,0
DA:62,0
DA:71,0
DA:77,0
DA:85,0
DA:93,0
DA:100,0
DA:107,0
DA:108,0
DA:110,0
DA:111,0
DA:113,0
DA:114,0
DA:116,0
DA:117,0
DA:120,0
DA:121,0
DA:125,0
DA:127,0
DA:128,0
DA:130,0
DA:138,0
DA:139,0
DA:140,0
DA:143,0
DA:144,0
DA:145,0
DA:152,0
DA:153,0
DA:154,0
DA:155,0
DA:156,0
DA:161,0
DA:162,0
DA:164,0
DA:172,0
DA:173,0
DA:174,0
DA:177,0
DA:178,0
DA:179,0
DA:180,0
DA:181,0
DA:182,0
DA:183,0
DA:184,0
DA:185,0
DA:186,0
DA:188,0
LF:57
LH:0
end_of_record
SF:lib/core/data/models/exceptions.dart
DA:4,0
DA:13,0
DA:14,0
DA:20,1
DA:22,0
DA:23,0
DA:29,0
DA:38,0
DA:47,0
DA:59,0
DA:67,0
DA:76,0
DA:85,0
DA:94,0
DA:105,1
DA:109,0
DA:117,0
DA:125,0
DA:133,1
DA:141,0
LF:20
LH:3
end_of_record
SF:lib/core/domain/models/exceptions.dart
DA:4,1
LF:1
LH:1
end_of_record
SF:lib/core/domain/models/role.dart
DA:11,0
DA:12,0
DA:14,0
DA:15,0
DA:16,0
LF:5
LH:0
end_of_record
SF:lib/core/domain/models/user.dart
DA:4,0
DA:23,0
DA:24,0
DA:25,0
DA:26,0
DA:27,0
DA:28,0
DA:29,0
DA:30,0
DA:34,0
DA:35,0
DA:36,0
DA:37,0
DA:38,0
DA:39,0
DA:40,0
DA:41,0
DA:45,0
DA:46,0
DA:47,0
DA:48,0
DA:49,0
DA:50,0
DA:51,0
DA:52,0
DA:53,0
LF:26
LH:0
end_of_record
SF:lib/core/presentation/components/bottom_sheet_dragger.dart
DA:5,4
DA:7,0
DA:9,0
DA:11,0
DA:14,0
DA:15,0
DA:16,0
LF:7
LH:1
end_of_record
SF:lib/core/presentation/components/info_widget.dart
DA:7,0
DA:22,0
DA:25,0
DA:26,0
DA:30,0
DA:31,0
DA:33,0
DA:34,0
DA:35,0
DA:39,0
DA:40,0
DA:42,0
DA:44,0
DA:45,0
DA:46,0
DA:48,0
DA:49,0
DA:52,0
DA:53,0
DA:57,0
DA:58,0
DA:61,0
DA:63,0
DA:64,0
DA:65,0
DA:70,0
DA:71,0
DA:74,0
DA:75,0
DA:78,0
LF:30
LH:0
end_of_record
SF:lib/core/presentation/navigation/router.dart
DA:9,0
DA:11,0
DA:13,0
DA:18,0
DA:20,0
DA:24,0
DA:26,0
DA:27,0
DA:30,0
DA:31,0
DA:36,0
DA:38,0
DA:43,0
DA:45,0
DA:50,0
DA:51,0
DA:56,0
DA:57,0
DA:60,0
DA:62,0
DA:63,0
DA:68,0
DA:70,0
DA:71,0
DA:74,0
DA:83,0
DA:85,0
DA:86,0
DA:87,0
DA:88,0
DA:91,0
DA:92,0
DA:97,0
DA:102,0
DA:106,0
DA:107,0
DA:108,0
DA:109,0
DA:112,0
DA:113,0
DA:118,0
LF:41
LH:0
end_of_record
SF:lib/core/presentation/navigation/routes.dart
DA:5,0
LF:1
LH:0
end_of_record
SF:lib/features/root/root_screen.dart
DA:7,0
DA:11,0
DA:13,0
DA:14,0
DA:15,0
DA:16,0
DA:17,0
DA:18,0
DA:21,0
LF:9
LH:0
end_of_record
SF:lib/core/presentation/utils/app_exceptions_translator.dart
DA:10,0
DA:15,0
DA:17,0
DA:18,0
DA:19,0
DA:20,0
DA:21,0
DA:22,0
DA:23,0
DA:24,0
DA:27,0
DA:28,0
DA:29,0
DA:30,0
DA:31,0
DA:32,0
DA:35,0
DA:36,0
DA:37,0
DA:38,0
DA:41,0
DA:42,0
DA:43,0
DA:44,0
DA:45,0
DA:46,0
DA:49,0
DA:50,0
DA:51,0
DA:54,0
DA:59,0
DA:62,0
DA:64,0
DA:65,0
DA:67,0
DA:68,0
DA:69,0
DA:70,0
DA:71,0
DA:73,0
LF:40
LH:0
end_of_record
SF:lib/gen/l10n/l10n.dart
DA:16,0
DA:20,0
DA:22,0
DA:30,0
DA:31,0
DA:32,0
DA:33,0
DA:34,0
DA:35,0
DA:36,0
DA:37,0
DA:44,0
DA:45,0
DA:47,0
DA:53,0
DA:54,0
DA:58,0
DA:59,0
DA:63,0
DA:64,0
DA:68,0
DA:69,0
DA:73,0
DA:74,0
DA:78,0
DA:79,0
DA:83,0
DA:84,0
DA:88,0
DA:89,0
DA:93,0
DA:94,0
DA:98,0
DA:99,0
DA:103,0
DA:104,0
DA:108,0
DA:109,0
DA:113,0
DA:114,0
DA:118,0
DA:119,0
DA:123,0
DA:124,0
DA:128,0
DA:129,0
DA:133,0
DA:134,0
DA:138,0
DA:139,0
DA:143,0
DA:148,0
DA:149,0
DA:153,0
DA:154,0
DA:158,0
DA:159,0
DA:163,0
DA:168,0
DA:169,0
DA:173,0
DA:178,0
DA:179,0
DA:183,0
DA:188,0
DA:189,0
DA:193,0
DA:198,0
DA:199,0
DA:203,0
DA:208,0
DA:209,0
DA:213,0
DA:218,0
DA:219,0
DA:223,0
DA:228,0
DA:229,0
DA:233,0
DA:238,0
DA:239,0
DA:243,0
DA:248,0
DA:249,0
DA:253,0
DA:258,0
DA:259,0
DA:263,0
DA:268,0
DA:269,0
DA:273,0
DA:278,0
DA:279,0
DA:283,0
DA:288,0
DA:289,0
DA:293,0
DA:298,0
DA:299,0
DA:303,0
DA:308,0
DA:309,0
DA:313,0
DA:318,0
DA:319,0
DA:323,0
DA:328,0
DA:329,0
DA:333,0
DA:338,0
DA:339,0
DA:343,0
DA:348,0
DA:349,0
DA:353,0
DA:358,0
DA:359,0
DA:363,0
DA:368,0
DA:369,0
DA:373,0
DA:378,0
DA:379,0
DA:383,0
DA:388,0
DA:389,0
DA:393,0
DA:398,0
DA:399,0
DA:403,0
DA:408,0
DA:409,0
DA:413,0
DA:418,0
DA:419,0
DA:423,0
DA:428,0
DA:429,0
DA:433,0
DA:438,0
DA:439,0
DA:443,0
DA:448,0
DA:449,0
DA:453,0
DA:458,0
DA:459,0
DA:463,0
DA:468,0
DA:469,0
DA:473,0
DA:478,0
DA:479,0
DA:483,0
DA:488,0
DA:489,0
DA:493,0
DA:498,0
DA:499,0
DA:503,0
DA:509,4
DA:511,0
DA:518,0
DA:519,0
DA:520,0
DA:521,0
DA:522,0
DA:525,0
DA:526,0
DA:527,0
LF:170
LH:1
end_of_record
SF:lib/core/presentation/utils/conditional_wrapper.dart
DA:4,0
DA:20,0
DA:22,0
DA:23,0
DA:25,0
LF:5
LH:0
end_of_record
SF:lib/core/presentation/utils/locale_icon_registry.dart
DA:5,0
DA:6,0
DA:7,0
DA:8,0
DA:11,0
DA:12,0
DA:13,0
LF:7
LH:0
end_of_record
SF:lib/core/presentation/utils/overlay_manager.dart
DA:39,0
DA:43,0
DA:44,0
DA:45,0
DA:47,0
DA:48,0
DA:49,0
DA:51,0
DA:55,0
DA:57,0
DA:60,0
DA:63,0
DA:64,0
DA:65,0
DA:66,0
DA:67,0
DA:72,0
DA:74,0
DA:76,0
DA:77,0
DA:78,0
LF:21
LH:0
end_of_record
SF:lib/core/presentation/utils/scroll_behavior.dart
DA:4,4
DA:6,0
DA:15,0
LF:3
LH:1
end_of_record
SF:lib/core/presentation/utils/toast_notification/toast_listener.dart
DA:10,0
DA:29,0
DA:30,0
DA:31,0
DA:32,0
DA:33,0
DA:34,0
DA:39,0
DA:41,0
DA:43,0
DA:44,0
DA:45,0
DA:46,0
DA:47,0
DA:48,0
DA:52,0
DA:53,0
DA:54,0
DA:55,0
DA:57,0
DA:60,0
DA:61,0
DA:65,0
DA:71,0
DA:80,0
DA:82,0
DA:83,0
DA:84,0
LF:28
LH:0
end_of_record
SF:lib/core/presentation/utils/toast_notification/toast_manager.dart
DA:5,0
DA:12,0
DA:14,0
DA:15,0
DA:16,0
DA:17,0
DA:19,0
DA:23,0
DA:32,0
DA:34,0
DA:35,0
DA:41,0
DA:52,0
DA:54,0
DA:56,0
DA:58,0
DA:60,0
DA:62,0
DA:65,0
DA:66,0
DA:67,0
DA:68,0
DA:69,0
DA:70,0
DA:76,0
DA:77,0
DA:78,0
DA:79,0
DA:83,0
DA:87,0
DA:88,0
DA:89,0
DA:90,0
LF:33
LH:0
end_of_record
SF:lib/core/utils/formatters.dart
DA:2,1
DA:3,2
DA:4,1
DA:7,1
DA:8,1
DA:13,3
DA:14,1
DA:19,3
DA:20,1
DA:29,1
DA:31,1
DA:32,2
DA:34,1
DA:36,1
DA:38,1
DA:39,1
DA:40,1
DA:44,2
LF:18
LH:18
end_of_record
SF:lib/core/utils/logger/app_logger.dart
DA:5,0
DA:9,0
DA:11,0
DA:14,0
DA:16,0
DA:19,0
DA:21,0
DA:24,0
DA:26,0
DA:29,0
DA:31,0
LF:11
LH:0
end_of_record
SF:lib/di/app_scope.dart
DA:10,0
LF:1
LH:0
end_of_record
SF:lib/features/auth/data/repositories/auth_repo/mock_auth_repo.dart
DA:8,0
DA:10,0
DA:13,0
DA:23,0
DA:25,0
DA:28,0
DA:35,0
DA:37,0
LF:8
LH:0
end_of_record
SF:lib/features/auth/domain/models/session.dart
DA:4,4
DA:14,0
DA:15,0
DA:16,0
DA:17,0
DA:21,0
DA:22,0
DA:23,0
DA:25,0
DA:26,0
DA:29,0
DA:30,0
DA:33,0
DA:35,0
DA:36,0
DA:39,0
DA:40,0
DA:41,0
DA:42,0
DA:46,0
DA:47,0
LF:21
LH:1
end_of_record
SF:lib/features/auth/data/repositories/session_cache_repo/local_session_cache_repo.dart
DA:8,0
DA:14,0
DA:17,0
DA:18,0
DA:19,0
DA:28,0
DA:31,0
DA:33,0
DA:35,0
DA:36,0
DA:39,0
DA:40,0
DA:41,0
DA:47,0
DA:50,0
LF:15
LH:0
end_of_record
SF:lib/features/auth/domain/interactors/auth_interactor.dart
DA:5,0
DA:7,0
DA:8,0
DA:11,0
DA:12,0
DA:15,0
DA:16,0
DA:19,0
DA:20,0
DA:23,0
DA:24,0
LF:11
LH:0
end_of_record
SF:lib/features/auth/domain/models/auth_payload.dart
DA:4,0
LF:1
LH:0
end_of_record
SF:lib/features/auth/domain/models/exceptions.dart
DA:4,0
DA:8,0
DA:16,0
DA:24,0
DA:32,0
DA:40,0
LF:6
LH:0
end_of_record
SF:lib/features/auth/domain/models/tg_auth_payload.dart
DA:4,0
DA:15,0
DA:16,0
LF:3
LH:0
end_of_record
SF:lib/features/auth/presentation/blocs/auth_cubit/auth_state.dart
DA:4,4
DA:10,4
DA:12,0
DA:13,0
DA:17,4
DA:19,0
DA:20,0
DA:24,0
DA:28,0
DA:29,0
DA:32,0
DA:33,0
DA:37,4
DA:39,0
DA:40,0
DA:44,0
DA:46,0
DA:47,0
LF:18
LH:4
end_of_record
SF:lib/features/auth/presentation/blocs/auth_cubit/auth_cubit.dart
DA:10,0
DA:13,0
DA:14,0
DA:20,0
DA:22,0
DA:23,0
DA:25,0
DA:28,0
DA:30,0
DA:32,0
DA:34,0
DA:35,0
DA:36,0
DA:38,0
DA:41,0
DA:45,0
DA:47,0
DA:48,0
DA:50,0
DA:51,0
LF:20
LH:0
end_of_record
SF:lib/features/auth/presentation/navigation/auth_listener.dart
DA:14,0
DA:16,0
DA:17,0
DA:18,0
DA:19,0
DA:20,0
DA:21,0
DA:30,0
DA:32,0
DA:34,0
DA:37,0
DA:40,0
DA:47,0
DA:49,0
DA:50,0
LF:15
LH:0
end_of_record
SF:lib/features/home/presentation/screens/home_screen.dart
DA:4,4
DA:6,0
LF:2
LH:1
end_of_record
SF:lib/features/settings/data/repositories/settings_repo/local_settings_repo.dart
DA:6,1
DA:12,1
DA:14,2
DA:15,1
DA:20,1
DA:22,3
DA:26,1
DA:28,3
DA:31,1
DA:33,3
LF:10
LH:10
end_of_record
SF:lib/features/settings/domain/interactors/settings_interactor.dart
DA:4,0
DA:16,0
DA:17,0
DA:38,0
DA:39,0
DA:42,0
DA:43,0
DA:50,0
DA:51,0
LF:9
LH:0
end_of_record
SF:lib/features/settings/domain/models/exceptions.dart
DA:5,1
DA:10,1
DA:19,1
DA:28,0
DA:37,0
LF:5
LH:3
end_of_record
SF:lib/features/settings/presentation/blocs/settings_cubit/settings_cubit.dart
DA:12,1
DA:19,1
DA:25,1
DA:27,2
DA:30,1
DA:32,2
DA:33,1
DA:37,1
DA:40,2
DA:41,3
DA:45,2
DA:46,2
DA:49,2
DA:50,1
DA:51,1
DA:52,1
DA:54,2
DA:60,1
DA:62,2
DA:65,1
DA:67,1
DA:68,2
DA:73,1
DA:76,2
DA:77,3
DA:81,2
DA:82,2
DA:85,0
DA:86,0
DA:87,0
DA:88,0
DA:90,0
DA:96,1
DA:98,2
DA:99,1
DA:102,2
DA:103,2
DA:104,2
DA:107,1
DA:108,1
DA:110,1
DA:111,1
DA:113,1
DA:114,1
DA:116,1
DA:117,1
DA:124,2
DA:125,1
DA:126,1
DA:127,1
DA:129,2
DA:135,1
DA:137,1
DA:139,1
DA:141,1
DA:146,1
DA:148,1
DA:150,1
LF:58
LH:53
end_of_record
SF:lib/features/settings/presentation/blocs/settings_cubit/settings_state.dart
DA:4,5
DA:10,4
DA:12,0
DA:13,0
DA:17,4
DA:19,1
DA:20,2
DA:24,1
DA:35,1
DA:41,1
DA:42,1
DA:43,1
DA:44,1
DA:49,1
DA:50,5
DA:54,1
DA:56,1
DA:57,2
LF:18
LH:16
end_of_record
SF:lib/features/settings/presentation/screens/settings_sheet.dart
DA:9,0
DA:11,0
DA:13,0
DA:15,0
DA:16,0
DA:17,0
DA:18,0
DA:20,0
DA:22,0
DA:23,0
DA:29,0
DA:31,0
DA:35,0
DA:36,0
DA:37,0
DA:39,0
DA:40,0
DA:42,0
DA:43,0
DA:45,0
DA:46,0
DA:47,0
DA:50,0
DA:51,0
DA:53,0
DA:68,0
DA:77,0
DA:79,0
DA:80,0
DA:82,0
DA:85,0
DA:86,0
DA:87,0
DA:88,0
DA:92,0
DA:93,0
DA:94,0
DA:100,0
DA:101,0
DA:102,0
DA:103,0
DA:105,0
DA:107,0
DA:113,0
DA:115,0
DA:117,0
DA:124,0
DA:126,0
DA:132,0
DA:133,0
DA:134,0
DA:140,0
DA:141,0
DA:142,0
DA:143,0
DA:145,0
DA:146,0
DA:147,0
DA:153,0
DA:155,0
DA:156,0
DA:157,0
DA:163,0
DA:165,0
DA:166,0
DA:167,0
DA:174,0
DA:176,0
LF:68
LH:0
end_of_record
SF:lib/features/theme_editor/data/models/app_color_palette.dart
DA:5,0
DA:43,0
DA:44,0
DA:45,0
DA:48,0
DA:49,0
DA:50,0
DA:51,0
DA:52,0
DA:53,0
DA:54,0
DA:55,0
DA:56,0
DA:57,0
DA:58,0
DA:59,0
DA:60,0
DA:61,0
DA:62,0
DA:63,0
DA:64,0
DA:65,0
DA:66,0
DA:67,0
DA:68,0
DA:69,0
DA:70,0
DA:71,0
DA:72,0
DA:73,0
DA:74,0
DA:75,0
DA:76,0
DA:77,0
DA:78,0
DA:79,0
DA:80,0
DA:81,0
DA:82,0
DA:83,0
DA:87,0
DA:88,0
DA:90,0
DA:91,0
DA:92,0
DA:93,0
DA:94,0
DA:95,0
DA:96,0
DA:97,0
DA:98,0
DA:99,0
DA:100,0
DA:101,0
DA:102,0
DA:103,0
DA:104,0
DA:105,0
DA:106,0
DA:107,0
DA:108,0
DA:109,0
DA:110,0
DA:111,0
DA:112,0
DA:113,0
DA:114,0
DA:115,0
DA:116,0
DA:117,0
DA:118,0
DA:119,0
DA:120,0
DA:121,0
DA:122,0
DA:123,0
DA:124,0
DA:125,0
DA:165,0
DA:166,0
DA:167,0
DA:168,0
DA:169,0
DA:170,0
DA:171,0
DA:172,0
DA:173,0
DA:174,0
DA:175,0
DA:176,0
DA:177,0
DA:178,0
DA:179,0
DA:180,0
DA:181,0
DA:182,0
DA:183,0
DA:184,0
DA:185,0
DA:186,0
DA:187,0
DA:188,0
DA:189,0
DA:190,0
DA:191,0
DA:192,0
DA:193,0
DA:194,0
DA:195,0
DA:196,0
DA:197,0
DA:198,0
DA:199,0
DA:200,0
DA:201,0
LF:115
LH:0
end_of_record
SF:lib/features/theme_editor/data/models/app_theme.dart
DA:7,0
DA:16,0
DA:17,0
DA:19,0
DA:20,0
DA:21,0
DA:22,0
DA:24,0
DA:25,0
DA:30,0
DA:31,0
DA:32,0
DA:33,0
DA:37,0
DA:38,0
LF:15
LH:0
end_of_record
SF:lib/features/theme_editor/data/repositories/theme_editor_repo/mock_theme_editor_repo.dart
DA:8,0
DA:9,0
DA:89,0
DA:90,0
DA:93,0
DA:95,0
DA:96,0
DA:99,0
DA:101,0
DA:102,0
LF:10
LH:0
end_of_record
SF:lib/features/theme_editor/domain/interactors/theme_editor_interactor.dart
DA:5,0
DA:10,0
DA:11,0
DA:14,0
DA:15,0
LF:5
LH:0
end_of_record
SF:lib/features/theme_editor/domain/models/app_color_palette.dart
DA:9,5
DA:47,1
DA:48,1
DA:49,1
DA:50,1
DA:51,1
DA:52,1
DA:53,1
DA:54,1
DA:55,1
DA:56,1
DA:57,1
DA:58,1
DA:59,1
DA:60,1
DA:61,1
DA:62,1
DA:63,1
DA:64,1
DA:65,1
DA:66,1
DA:67,1
DA:68,1
DA:69,1
DA:70,1
DA:71,1
DA:72,1
DA:73,1
DA:74,1
DA:75,1
DA:76,1
DA:77,1
DA:78,1
DA:79,1
DA:80,1
DA:81,1
DA:82,1
DA:83,1
DA:87,0
DA:88,0
DA:89,0
DA:90,0
DA:91,0
DA:92,0
DA:93,0
DA:94,0
DA:95,0
DA:96,0
DA:97,0
DA:98,0
DA:99,0
DA:100,0
DA:101,0
DA:102,0
DA:103,0
DA:104,0
DA:105,0
DA:106,0
DA:107,0
DA:108,0
DA:109,0
DA:110,0
DA:111,0
DA:112,0
DA:113,0
DA:114,0
DA:115,0
DA:116,0
DA:117,0
DA:118,0
DA:119,0
DA:120,0
DA:121,0
DA:122,0
DA:123,0
DA:163,0
DA:164,0
DA:165,0
DA:166,0
DA:167,0
DA:168,0
DA:169,0
DA:170,0
DA:171,0
DA:172,0
DA:173,0
DA:174,0
DA:175,0
DA:176,0
DA:177,0
DA:178,0
DA:179,0
DA:180,0
DA:181,0
DA:182,0
DA:183,0
DA:184,0
DA:185,0
DA:186,0
DA:187,0
DA:188,0
DA:189,0
DA:190,0
DA:191,0
DA:192,0
DA:193,0
DA:194,0
DA:195,0
DA:196,0
DA:197,0
DA:198,0
DA:199,0
DA:203,0
DA:246,0
DA:247,0
DA:248,0
DA:249,0
DA:250,0
DA:251,0
DA:252,0
DA:253,0
DA:254,0
DA:255,0
DA:256,0
DA:257,0
DA:258,0
DA:259,0
DA:260,0
DA:261,0
DA:262,0
DA:263,0
DA:264,0
DA:265,0
DA:266,0
DA:268,0
DA:269,0
DA:270,0
DA:271,0
DA:273,0
DA:274,0
DA:275,0
DA:276,0
DA:277,0
DA:278,0
DA:279,0
DA:280,0
DA:281,0
DA:282,0
DA:283,0
DA:287,1
DA:288,1
DA:289,1
DA:290,1
DA:291,1
DA:292,1
DA:293,1
DA:294,1
DA:295,1
DA:296,1
DA:297,1
DA:298,1
DA:299,1
DA:300,1
DA:301,1
DA:302,1
DA:303,1
DA:304,1
DA:305,1
DA:306,1
DA:307,1
DA:308,1
DA:309,1
DA:310,1
DA:311,1
DA:312,1
DA:313,1
DA:314,1
DA:315,1
DA:316,1
DA:317,1
DA:318,1
DA:319,1
DA:320,1
DA:321,1
DA:322,1
DA:323,1
LF:186
LH:75
end_of_record
SF:lib/features/theme_editor/domain/models/app_theme.dart
DA:9,5
DA:14,0
DA:15,0
DA:16,0
DA:17,0
DA:21,0
DA:25,0
DA:26,0
DA:27,0
DA:31,1
DA:32,1
DA:33,1
DA:36,1
DA:40,1
DA:41,3
LF:15
LH:7
end_of_record
SF:lib/features/theme_editor/domain/models/exceptions.dart
DA:4,0
DA:13,0
LF:2
LH:0
end_of_record
SF:lib/gen/l10n/intl/messages_all.dart
DA:23,0
DA:24,0
DA:25,0
DA:28,0
DA:30,0
DA:31,0
DA:32,0
DA:33,0
DA:40,0
DA:41,0
DA:43,0
DA:44,0
DA:47,0
DA:49,0
DA:50,0
DA:51,0
DA:52,0
DA:53,0
DA:56,0
DA:58,0
DA:64,0
DA:65,0
DA:68,0
DA:71,0
LF:24
LH:0
end_of_record
SF:lib/gen/l10n/intl/messages_ru.dart
DA:16,0
DA:21,0
DA:24,0
DA:25,0
DA:28,0
DA:31,0
DA:34,0
DA:37,0
DA:40,0
DA:43,0
DA:46,0
DA:49,0
DA:52,0
DA:53,0
DA:56,0
DA:59,0
DA:62,0
DA:65,0
DA:66,0
DA:67,0
DA:68,0
DA:69,0
DA:70,0
DA:71,0
DA:72,0
DA:75,0
DA:78,0
DA:81,0
DA:82,0
DA:83,0
DA:84,0
DA:85,0
DA:86,0
DA:89,0
DA:90,0
DA:93,0
DA:96,0
DA:99,0
DA:102,0
DA:105,0
DA:106,0
DA:109,0
DA:112,0
DA:115,0
DA:118,0
DA:121,0
DA:124,0
DA:127,0
DA:130,0
DA:133,0
DA:134,0
DA:135,0
DA:136,0
DA:137,0
DA:140,0
DA:143,0
DA:146,0
LF:57
LH:0
end_of_record
SF:lib/gen/l10n/intl/messages_uz.dart
DA:16,0
DA:21,0
DA:24,0
DA:25,0
DA:28,0
DA:31,0
DA:34,0
DA:37,0
DA:40,0
DA:43,0
DA:46,0
DA:49,0
DA:52,0
DA:53,0
DA:56,0
DA:59,0
DA:62,0
DA:65,0
DA:66,0
DA:67,0
DA:68,0
DA:69,0
DA:70,0
DA:71,0
DA:72,0
DA:75,0
DA:78,0
DA:81,0
DA:82,0
DA:83,0
DA:84,0
DA:85,0
DA:86,0
DA:89,0
DA:90,0
DA:93,0
DA:96,0
DA:99,0
DA:102,0
DA:105,0
DA:106,0
DA:109,0
DA:112,0
DA:115,0
DA:118,0
DA:121,0
DA:124,0
DA:127,0
DA:130,0
DA:133,0
DA:134,0
DA:135,0
DA:136,0
DA:137,0
DA:140,0
DA:143,0
DA:146,0
LF:57
LH:0
end_of_record
SF:lib/uikit/buttons/app_icon_button.dart
DA:5,0
DA:26,0
DA:28,0
DA:30,0
DA:32,0
DA:34,0
DA:35,0
DA:36,0
DA:39,0
DA:40,0
DA:41,0
DA:42,0
DA:43,0
DA:46,0
DA:47,0
DA:48,0
DA:49,0
LF:17
LH:0
end_of_record
SF:lib/uikit/buttons/app_primary_button.dart
DA:6,0
DA:31,0
DA:33,0
DA:34,0
DA:36,0
DA:37,0
DA:38,0
DA:40,0
DA:41,0
DA:42,0
DA:43,0
DA:44,0
DA:46,0
DA:47,0
DA:48,0
DA:50,0
DA:53,0
DA:54,0
DA:58,0
DA:59,0
DA:63,0
DA:65,0
DA:66,0
DA:70,0
DA:72,0
DA:74,0
DA:77,0
LF:27
LH:0
end_of_record
SF:lib/uikit/buttons/gradient_button.dart
DA:5,0
DA:18,0
DA:20,0
DA:21,0
DA:22,0
DA:23,0
DA:24,0
DA:29,0
DA:30,0
DA:31,0
DA:32,0
DA:33,0
DA:34,0
DA:35,0
DA:41,0
DA:43,0
DA:44,0
DA:45,0
DA:46,0
LF:19
LH:0
end_of_record
SF:lib/uikit/colors/app_color_sheme.dart
DA:7,0
DA:81,4
DA:118,4
DA:155,0
DA:193,0
DA:194,0
DA:195,0
DA:196,0
DA:197,0
DA:198,0
DA:199,0
DA:200,0
DA:201,0
DA:202,0
DA:203,0
DA:204,0
DA:205,0
DA:206,0
DA:207,0
DA:208,0
DA:209,0
DA:210,0
DA:211,0
DA:212,0
DA:213,0
DA:215,0
DA:216,0
DA:217,0
DA:218,0
DA:220,0
DA:221,0
DA:222,0
DA:223,0
DA:224,0
DA:225,0
DA:226,0
DA:227,0
DA:228,0
DA:229,0
DA:230,0
DA:234,0
DA:239,0
DA:243,0
DA:244,0
DA:245,0
DA:246,0
DA:247,0
DA:248,0
DA:251,0
DA:252,0
DA:253,0
DA:256,0
DA:257,0
DA:258,0
DA:259,0
DA:260,0
DA:263,0
DA:264,0
DA:265,0
DA:268,0
DA:269,0
DA:270,0
DA:271,0
DA:272,0
DA:275,0
DA:276,0
DA:277,0
DA:280,0
DA:281,0
DA:282,0
DA:283,0
DA:284,0
DA:285,0
DA:288,0
DA:289,0
DA:290,0
DA:291,0
DA:292,0
DA:293,0
DA:294,0
DA:297,0
DA:298,0
DA:299,0
DA:302,0
DA:303,0
DA:304,0
DA:307,0
DA:308,0
DA:309,0
DA:312,0
DA:313,0
DA:314,0
DA:317,0
DA:318,0
DA:319,0
DA:322,0
DA:323,0
DA:324,0
DA:325,0
DA:326,0
DA:327,0
DA:328,0
DA:329,0
DA:332,0
DA:333,0
DA:334,0
DA:338,0
DA:339,0
DA:340,0
DA:343,0
DA:344,0
LF:111
LH:2
end_of_record
SF:lib/uikit/dialogs/alert_dialog.dart
DA:7,0
DA:18,0
DA:21,0
DA:24,0
DA:25,0
DA:29,0
DA:32,0
DA:33,0
DA:34,0
DA:39,0
LF:10
LH:0
end_of_record
SF:lib/uikit/dialogs/alert_dialog_action.dart
DA:7,0
DA:32,0
DA:36,0
DA:39,0
DA:40,0
DA:41,0
DA:42,0
DA:43,0
DA:47,0
DA:48,0
DA:50,0
DA:51,0
DA:53,0
DA:54,0
DA:55,0
DA:57,0
DA:60,0
LF:17
LH:0
end_of_record
SF:lib/uikit/text/app_text_sheme.dart
DA:5,0
DA:6,0
DA:7,0
DA:8,0
DA:10,0
DA:19,0
DA:24,0
DA:28,0
DA:29,0
DA:30,0
DA:31,0
DA:35,0
DA:41,0
DA:42,0
DA:43,0
DA:44,0
DA:48,0
DA:49,0
DA:50,0
DA:54,0
DA:55,0
LF:21
LH:0
end_of_record
SF:lib/uikit/text_fields/app_text_field.dart
DA:6,0
DA:72,0
DA:74,0
DA:75,0
DA:78,0
DA:81,0
DA:83,0
DA:86,0
DA:89,0
DA:92,0
DA:93,0
DA:96,0
DA:97,0
DA:98,0
DA:99,0
DA:100,0
DA:101,0
DA:102,0
DA:104,0
DA:105,0
DA:106,0
DA:108,0
DA:109,0
DA:115,0
DA:116,0
DA:118,0
DA:119,0
DA:122,0
DA:123,0
DA:128,0
DA:129,0
DA:130,0
DA:134,0
DA:137,0
DA:138,0
DA:139,0
DA:143,0
DA:147,0
DA:148,0
DA:149,0
DA:152,0
DA:153,0
DA:154,0
DA:155,0
DA:156,0
DA:158,0
DA:159,0
DA:160,0
DA:164,0
DA:165,0
DA:166,0
DA:171,0
DA:172,0
DA:173,0
DA:175,0
DA:177,0
DA:179,0
DA:181,0
DA:183,0
DA:185,0
DA:187,0
DA:189,0
DA:191,0
DA:196,0
DA:200,0
DA:201,0
DA:203,0
LF:67
LH:0
end_of_record
SF:lib/uikit/themes/app_theme_data.dart
DA:5,0
DA:14,0
DA:15,0
DA:16,0
DA:18,0
DA:20,0
DA:21,0
DA:22,0
DA:23,0
DA:24,0
DA:25,0
DA:26,0
DA:27,0
DA:28,0
DA:30,0
DA:31,0
DA:32,0
DA:35,0
DA:36,0
DA:40,0
DA:41,0
DA:42,0
DA:43,0
DA:45,0
DA:46,0
DA:47,0
DA:49,0
DA:50,0
DA:51,0
DA:53,0
DA:55,0
DA:57,0
DA:63,0
DA:64,0
DA:65,0
DA:67,0
DA:69,0
DA:70,0
DA:71,0
DA:72,0
DA:73,0
DA:74,0
DA:75,0
DA:76,0
DA:77,0
DA:79,0
DA:80,0
DA:81,0
DA:84,0
DA:85,0
DA:86,0
DA:87,0
DA:89,0
DA:90,0
DA:91,0
DA:93,0
DA:94,0
DA:95,0
DA:97,0
DA:99,0
DA:101,0
LF:61
LH:0
end_of_record
